0 info it worked if it ends with ok
1 verbose cli [ 'node', '/usr/local/bin/npm', 'install', 'bootstrap-less' ]
2 info using npm@1.4.28
3 info using node@v0.10.32
4 warn package.json karma-chrome-launcher@0.1.5 No README data
5 verbose readDependencies using package.json deps
6 verbose cache add [ 'bootstrap-less', null ]
7 verbose cache add name=undefined spec="bootstrap-less" args=["bootstrap-less",null]
8 verbose parsed url { protocol: null,
8 verbose parsed url   slashes: null,
8 verbose parsed url   auth: null,
8 verbose parsed url   host: null,
8 verbose parsed url   port: null,
8 verbose parsed url   hostname: null,
8 verbose parsed url   hash: null,
8 verbose parsed url   search: null,
8 verbose parsed url   query: null,
8 verbose parsed url   pathname: 'bootstrap-less',
8 verbose parsed url   path: 'bootstrap-less',
8 verbose parsed url   href: 'bootstrap-less' }
9 silly lockFile d44db13c-bootstrap-less bootstrap-less
10 verbose lock bootstrap-less /Users/lukeboerdam/.npm/d44db13c-bootstrap-less.lock
11 silly lockFile d44db13c-bootstrap-less bootstrap-less
12 silly lockFile d44db13c-bootstrap-less bootstrap-less
13 verbose addNamed [ 'bootstrap-less', '' ]
14 verbose addNamed [ null, '*' ]
15 silly lockFile 83cdefc2-bootstrap-less bootstrap-less@
16 verbose lock bootstrap-less@ /Users/lukeboerdam/.npm/83cdefc2-bootstrap-less.lock
17 silly addNameRange { name: 'bootstrap-less', range: '*', hasData: false }
18 verbose request where is /bootstrap-less
19 verbose request registry https://registry.npmjs.org/
20 verbose request id 875996d682e5e211
21 verbose url raw /bootstrap-less
22 verbose url resolving [ 'https://registry.npmjs.org/', './bootstrap-less' ]
23 verbose url resolved https://registry.npmjs.org/bootstrap-less
24 verbose request where is https://registry.npmjs.org/bootstrap-less
25 info trying registry request attempt 1 at 19:30:33
26 http GET https://registry.npmjs.org/bootstrap-less
27 http 404 https://registry.npmjs.org/bootstrap-less
28 verbose headers { date: 'Mon, 27 Oct 2014 09:30:33 GMT',
28 verbose headers   server: 'CouchDB/1.5.0 (Erlang OTP/R16B03)',
28 verbose headers   'content-type': 'application/json',
28 verbose headers   'cache-control': 'max-age=0',
28 verbose headers   'content-length': '52',
28 verbose headers   'accept-ranges': 'bytes',
28 verbose headers   via: '1.1 varnish',
28 verbose headers   age: '0',
28 verbose headers   'x-served-by': 'cache-syd1622-SYD',
28 verbose headers   'x-cache': 'MISS',
28 verbose headers   'x-cache-hits': '0',
28 verbose headers   'x-timer': 'S1414402233.445535,VS0,VE247',
28 verbose headers   'keep-alive': 'timeout=10, max=50',
28 verbose headers   connection: 'Keep-Alive' }
29 silly registry.get cb [ 404,
29 silly registry.get   { date: 'Mon, 27 Oct 2014 09:30:33 GMT',
29 silly registry.get     server: 'CouchDB/1.5.0 (Erlang OTP/R16B03)',
29 silly registry.get     'content-type': 'application/json',
29 silly registry.get     'cache-control': 'max-age=0',
29 silly registry.get     'content-length': '52',
29 silly registry.get     'accept-ranges': 'bytes',
29 silly registry.get     via: '1.1 varnish',
29 silly registry.get     age: '0',
29 silly registry.get     'x-served-by': 'cache-syd1622-SYD',
29 silly registry.get     'x-cache': 'MISS',
29 silly registry.get     'x-cache-hits': '0',
29 silly registry.get     'x-timer': 'S1414402233.445535,VS0,VE247',
29 silly registry.get     'keep-alive': 'timeout=10, max=50',
29 silly registry.get     connection: 'Keep-Alive' } ]
30 silly lockFile 83cdefc2-bootstrap-less bootstrap-less@
31 silly lockFile 83cdefc2-bootstrap-less bootstrap-less@
32 error 404 404 Not Found: bootstrap-less
32 error 404
32 error 404 'bootstrap-less' is not in the npm registry.
32 error 404 You should bug the author to publish it
32 error 404 It was specified as a dependency of 'angularfire-seed'
32 error 404
32 error 404 Note that you can also install from a
32 error 404 tarball, folder, or http url, or git url.
33 error System Darwin 14.0.0
34 error command "node" "/usr/local/bin/npm" "install" "bootstrap-less"
35 error cwd /Users/lukeboerdam/Documents/Projects/AngularSeed/angularfire-seed
36 error node -v v0.10.32
37 error npm -v 1.4.28
38 error code E404
39 verbose exit [ 1, true ]
